<?xml version="1.0" encoding="UTF-8"?>
<!-- Generated by org.testng.reporters.JUnitReportReporter -->
<testsuite hostname="DESKTOP-MPHO6GL" failures="0" tests="1" name="test.testng_demo" time="0.090" errors="0" timestamp="2024-09-21T11:16:39 IST" skipped="0">
  <testcase classname="test.testng_demo" name="homepage1" time="0.090"/>
</testsuite> <!-- test.testng_demo -->
